This file contains any messages produced by compilers while
running configure, to aid debugging if configure makes a mistake.

It was created by configure, which was
generated by GNU Autoconf 2.52.  Invocation command line was

  $ ./configure 

## ---------- ##
## Platform.  ##
## ---------- ##

hostname = pupykin
uname -m = i686
uname -r = 2.6.28-ARCH
uname -s = Linux
uname -v = #1 SMP PREEMPT Sun Jan 25 10:13:11 UTC 2009

/usr/bin/uname -p = unknown
/bin/uname -X     = unknown

/bin/arch              = i686
/usr/bin/arch -k       = unknown
/usr/convex/getsysinfo = unknown
hostinfo               = unknown
/bin/machine           = unknown
/usr/bin/oslevel       = unknown
/bin/universe          = unknown

PATH = /home/sergej/bin:/home/sergej/.wine/drive_c/windows:/home/sergej/.wine/drive_c/windows/system32:/opt/cegcc/bin:/bin:/usr/bin:/sbin:/usr/sbin:/opt/android-sdk/tools:/opt/DBDesigner4/bin:/usr/share/eclipse:/opt/NX/bin:/usr/bin/perlbin/site:/usr/bin/perlbin/vendor:/usr/bin/perlbin/core:/opt/qt/bin

## ------------ ##
## Core tests.  ##
## ------------ ##

configure:1106: PATH=".;."; conftest.sh
./configure: line 1107: conftest.sh: команда не найдена
configure:1109: $? = 127
configure:1155: checking for a BSD compatible install
configure:1204: result: /bin/install -c
configure:1215: checking whether build environment is sane
configure:1258: result: yes
configure:1291: checking for mawk
configure:1317: result: no
configure:1291: checking for gawk
configure:1306: found /bin/gawk
configure:1314: result: gawk
configure:1324: checking whether make sets ${MAKE}
configure:1344: result: yes
configure:1441: checking build system type
configure:1459: result: i686-pc-linux-gnu
configure:1466: checking host system type
configure:1480: result: i686-pc-linux-gnu
configure:1530: checking for gcc
configure:1545: found /usr/bin/gcc
configure:1553: result: gcc
configure:1781: checking for C compiler version
configure:1784: gcc --version </dev/null >&5
gcc (GCC) 4.3.3
Copyright (C) 2008 Free Software Foundation, Inc.
This is free software; see the source for copying conditions.  There is NO
warranty; not even for MERCHANTABILITY or FITNESS FOR A PARTICULAR PURPOSE.

configure:1787: $? = 0
configure:1789: gcc -v </dev/null >&5
Using built-in specs.
Target: i686-pc-linux-gnu
Configured with: ../configure --prefix=/usr --enable-shared --enable-languages=c,c++,fortran,objc,obj-c++,treelang --enable-threads=posix --mandir=/usr/share/man --infodir=/usr/share/info --enable-__cxa_atexit --disable-multilib --libdir=/usr/lib --libexecdir=/usr/lib --enable-clocale=gnu --disable-libstdcxx-pch --with-tune=generic
Thread model: posix
gcc version 4.3.3 (GCC) 
configure:1792: $? = 0
configure:1794: gcc -V </dev/null >&5
gcc: '-V' option must have argument
configure:1797: $? = 1
configure:1817: checking for C compiler default output
configure:1820: gcc    conftest.c  >&5
configure:1823: $? = 0
configure:1852: result: a.out
configure:1857: checking whether the C compiler works
configure:1863: ./a.out
configure:1866: $? = 0
configure:1881: result: yes
configure:1888: checking whether we are cross compiling
configure:1890: result: no
configure:1893: checking for executable suffix
configure:1895: gcc -o conftest    conftest.c  >&5
configure:1898: $? = 0
configure:1920: result: 
configure:1926: checking for object suffix
configure:1944: gcc -c   conftest.c >&5
configure:1947: $? = 0
configure:1966: result: o
configure:1970: checking whether we are using the GNU C compiler
configure:1991: gcc -c   conftest.c >&5
configure:1994: $? = 0
configure:1997: test -s conftest.o
configure:2000: $? = 0
configure:2012: result: yes
configure:2018: checking whether gcc accepts -g
configure:2036: gcc -c -g  conftest.c >&5
configure:2039: $? = 0
configure:2042: test -s conftest.o
configure:2045: $? = 0
configure:2055: result: yes
configure:2082: gcc -c -g -O2  conftest.c >&5
conftest.c:2: error: expected '=', ',', ';', 'asm' or '__attribute__' before 'me'
configure:2085: $? = 1
configure: failed program was:
#ifndef __cplusplus
  choke me
#endif
configure:2191: checking for style of include used by make
configure:2218: result: GNU
configure:2224: checking dependency style of gcc
configure:2286: result: gcc3
configure:2339: checking for g++
configure:2354: found /usr/bin/g++
configure:2362: result: g++
configure:2377: checking for C++ compiler version
configure:2380: g++ --version </dev/null >&5
g++ (GCC) 4.3.3
Copyright (C) 2008 Free Software Foundation, Inc.
This is free software; see the source for copying conditions.  There is NO
warranty; not even for MERCHANTABILITY or FITNESS FOR A PARTICULAR PURPOSE.

configure:2383: $? = 0
configure:2385: g++ -v </dev/null >&5
Using built-in specs.
Target: i686-pc-linux-gnu
Configured with: ../configure --prefix=/usr --enable-shared --enable-languages=c,c++,fortran,objc,obj-c++,treelang --enable-threads=posix --mandir=/usr/share/man --infodir=/usr/share/info --enable-__cxa_atexit --disable-multilib --libdir=/usr/lib --libexecdir=/usr/lib --enable-clocale=gnu --disable-libstdcxx-pch --with-tune=generic
Thread model: posix
gcc version 4.3.3 (GCC) 
configure:2388: $? = 0
configure:2390: g++ -V </dev/null >&5
g++: '-V' option must have argument
configure:2393: $? = 1
configure:2396: checking whether we are using the GNU C++ compiler
configure:2417: g++ -c   conftest.cc >&5
configure:2420: $? = 0
configure:2423: test -s conftest.o
configure:2426: $? = 0
configure:2438: result: yes
configure:2444: checking whether g++ accepts -g
configure:2462: g++ -c -g  conftest.cc >&5
configure:2465: $? = 0
configure:2468: test -s conftest.o
configure:2471: $? = 0
configure:2481: result: yes
configure:2521: g++ -c -g -O2  conftest.cc >&5
configure:2524: $? = 0
configure:2527: test -s conftest.o
configure:2530: $? = 0
configure:2552: g++ -c -g -O2  conftest.cc >&5
configure: In function 'int main()':
configure:2545: error: 'exit' was not declared in this scope
configure:2555: $? = 1
configure: failed program was:
#line 2540 "configure"
#include "confdefs.h"

int
main ()
{
exit (42);
  ;
  return 0;
}
configure:2521: g++ -c -g -O2  conftest.cc >&5
configure:2524: $? = 0
configure:2527: test -s conftest.o
configure:2530: $? = 0
configure:2552: g++ -c -g -O2  conftest.cc >&5
configure:2555: $? = 0
configure:2558: test -s conftest.o
configure:2561: $? = 0
configure:2585: checking dependency style of g++
configure:2647: result: gcc3
configure:2656: checking how to run the C preprocessor
configure:2682: gcc -E  conftest.c
configure:2688: $? = 0
configure:2715: gcc -E  conftest.c
configure:2712:28: error: ac_nonexistent.h: No such file or directory
configure:2721: $? = 1
configure: failed program was:
#line 2711 "configure"
#include "confdefs.h"
#include <ac_nonexistent.h>
configure:2758: result: gcc -E
configure:2773: gcc -E  conftest.c
configure:2779: $? = 0
configure:2806: gcc -E  conftest.c
configure:2803:28: error: ac_nonexistent.h: No such file or directory
configure:2812: $? = 1
configure: failed program was:
#line 2802 "configure"
#include "confdefs.h"
#include <ac_nonexistent.h>
configure:2851: checking for ANSI C header files
configure:2865: gcc -E  conftest.c
configure:2871: $? = 0
configure:2958: gcc -o conftest -g -O2   conftest.c  >&5
configure: In function 'main':
configure:2950: warning: incompatible implicit declaration of built-in function 'exit'
configure:2961: $? = 0
configure:2963: ./conftest
configure:2966: $? = 0
configure:2979: result: yes
configure:2992: checking for ncurses.h
configure:3002: gcc -E  conftest.c
configure:3008: $? = 0
configure:3027: result: yes
configure:2992: checking for curses.h
configure:3002: gcc -E  conftest.c
configure:3008: $? = 0
configure:3027: result: yes
configure:2992: checking for gpm.h
configure:3002: gcc -E  conftest.c
configure:3008: $? = 0
configure:3027: result: yes
configure:3037: checking for initscr in -lncurses
configure:3064: gcc -o conftest -g -O2   conftest.c -lncurses   >&5
configure:3067: $? = 0
configure:3070: test -s conftest
configure:3073: $? = 0
configure:3084: result: yes
configure:3155: checking for Gpm_Close in -lgpm
configure:3182: gcc -o conftest -g -O2   conftest.c -lgpm  -lncurses  >&5
configure:3185: $? = 0
configure:3188: test -s conftest
configure:3191: $? = 0
configure:3202: result: yes
configure:3300: checking for ld used by GCC
configure:3363: result: /usr/bin/ld
configure:3372: checking if the linker (/usr/bin/ld) is GNU ld
GNU ld (GNU Binutils) 2.19.1.20090205
configure:3384: result: yes
configure:3388: checking for /usr/bin/ld option to reload object files
configure:3395: result: -r
configure:3400: checking for BSD-compatible nm
configure:3436: result: /usr/bin/nm -B
configure:3439: checking whether ln -s works
configure:3443: result: yes
configure:3450: checking how to recognise dependant libraries
configure:3628: result: pass_all
configure:3634: checking command to parse /usr/bin/nm -B output
configure:3715: gcc -c -g -O2  conftest.c >&5
configure:3718: $? = 0
configure:3722: /usr/bin/nm -B conftest.o \| sed -n -e 's/^.*[ 	]\([ABCDGISTW][ABCDGISTW]*\)[ 	][ 	]*\(\)\([_A-Za-z][_A-Za-z0-9]*\)$/\1 \2\3 \3/p' \> conftest.nm
configure:3725: $? = 0
configure:3777: gcc -o conftest -g -O2   conftest.c conftstm.o >&5
configure:3780: $? = 0
configure:3824: result: ok
configure:3831: checking for dlfcn.h
configure:3841: gcc -E  conftest.c
configure:3847: $? = 0
configure:3866: result: yes
configure:4053: checking for ranlib
configure:4068: found /usr/bin/ranlib
configure:4077: result: ranlib
configure:4127: checking for strip
configure:4142: found /usr/bin/strip
configure:4151: result: strip
configure:4353: checking for objdir
configure:4364: result: .libs
configure:4379: checking for gcc option to produce PIC
configure:4529: result: -fPIC
configure:4533: checking if gcc PIC flag -fPIC works
configure:4553: gcc -c -g -O2 -fPIC -DPIC  conftest.c >&5
configure:4556: $? = 0
configure:4559: test -s conftest.o
configure:4562: $? = 0
configure:4598: result: yes
configure:4614: checking if gcc static flag -static works
configure:4635: gcc -o conftest -g -O2   -static conftest.c -lgpm -lncurses  >&5
configure:4638: $? = 0
configure:4641: test -s conftest
configure:4644: $? = 0
configure:4658: result: yes
configure:4669: checking if gcc supports -c -o file.o
configure:4689: gcc -c -g -O2 -o out/conftest2.o  conftest.c >&5
configure:4713: result: yes
configure:4718: checking if gcc supports -c -o file.lo
configure:4742: gcc -c -g -O2 -c -o conftest.lo  conftest.c >&5
configure:4745: $? = 0
configure:4748: test -s conftest.lo
configure:4751: $? = 0
configure:4772: result: yes
configure:4803: checking if gcc supports -fno-rtti -fno-exceptions
configure:4822: gcc -c -g -O2 -fno-rtti -fno-exceptions -c conftest.c  conftest.c >&5
cc1: warning: command line option "-fno-rtti" is valid for C++/ObjC++ but not for C
cc1: warning: command line option "-fno-rtti" is valid for C++/ObjC++ but not for C
configure:4825: $? = 0
configure:4828: test -s conftest.o
configure:4831: $? = 0
configure:4847: result: yes
configure:4858: checking whether the linker (/usr/bin/ld) supports shared libraries
configure:5538: result: yes
configure:5543: checking how to hardcode library paths into programs
configure:5567: result: immediate
configure:5572: checking whether stripping libraries is possible
configure:5577: result: yes
configure:5588: checking dynamic linker characteristics
configure:5981: result: GNU/Linux ld.so
configure:5986: checking if libtool supports shared libraries
configure:5988: result: yes
configure:5991: checking whether to build shared libraries
configure:6012: result: yes
configure:6015: checking whether to build static libraries
configure:6019: result: yes
configure:6637: checking whether -lc should be explicitly linked in
configure:6645: gcc -c -g -O2  conftest.c >&5
configure:6648: $? = 0
configure:6662: gcc -shared conftest.o  -v -Wl,-soname -Wl,conftest -o conftest 2\>\&1 \| grep  -lc  \>/dev/null 2\>\&1
configure:6665: $? = 0
configure:6678: result: no
configure:7243: checking if the Russian character set should be enabled (now obsolete)
configure:7257: result: no
configure:7262: checking if the alternate character set should be disabled
configure:7276: result: no
configure:7281: checking if the 8 bit output should be disabled
configure:7295: result: no
configure:7302: checking if the Linux GPM mouse support should be disabled
configure:7313: result: no
configure:7321: checking if the Linux VCS support should be disabled
configure:7332: result: no
configure:7442: creating ./config.status

## ----------------------- ##
## Running config.status.  ##
## ----------------------- ##

This file was extended by config.status 2.52, executed with
  CONFIG_FILES    = 
  CONFIG_HEADERS  = 
  CONFIG_LINKS    = 
  CONFIG_COMMANDS = 
  > ./config.status 
on pupykin

config.status:7935: creating doc/Makefile
config.status:7935: creating lib/Makefile
config.status:7935: creating demo/Makefile
config.status:7935: creating tutorial/Makefile
config.status:7935: creating tvhc/Makefile
config.status:7935: creating Makefile
config.status:8027: creating config.h

## ----------------- ##
## Cache variables.  ##
## ----------------- ##

ac_cv_build=i686-pc-linux-gnu
ac_cv_build_alias=i686-pc-linux-gnu
ac_cv_c_compiler_gnu=yes
ac_cv_cxx_compiler_gnu=yes
ac_cv_env_CC_set=
ac_cv_env_CC_value=
ac_cv_env_CFLAGS_set=
ac_cv_env_CFLAGS_value=
ac_cv_env_CPPFLAGS_set=
ac_cv_env_CPPFLAGS_value=
ac_cv_env_CPP_set=
ac_cv_env_CPP_value=
ac_cv_env_CXXFLAGS_set=
ac_cv_env_CXXFLAGS_value=
ac_cv_env_CXX_set=
ac_cv_env_CXX_value=
ac_cv_env_LDFLAGS_set=
ac_cv_env_LDFLAGS_value=
ac_cv_env_build_alias_set=
ac_cv_env_build_alias_value=
ac_cv_env_host_alias_set=
ac_cv_env_host_alias_value=
ac_cv_env_target_alias_set=
ac_cv_env_target_alias_value=
ac_cv_header_curses_h=yes
ac_cv_header_dlfcn_h=yes
ac_cv_header_gpm_h=yes
ac_cv_header_ncurses_h=yes
ac_cv_header_stdc=yes
ac_cv_host=i686-pc-linux-gnu
ac_cv_host_alias=i686-pc-linux-gnu
ac_cv_lib_gpm_Gpm_Close=yes
ac_cv_lib_ncurses_initscr=yes
ac_cv_objext=o
ac_cv_path_install='/bin/install -c'
ac_cv_prog_AWK=gawk
ac_cv_prog_CPP='gcc -E'
ac_cv_prog_ac_ct_CC=gcc
ac_cv_prog_ac_ct_CXX=g++
ac_cv_prog_ac_ct_RANLIB=ranlib
ac_cv_prog_ac_ct_STRIP=strip
ac_cv_prog_cc_g=yes
ac_cv_prog_cxx_g=yes
ac_cv_prog_make_make_set=yes
am_cv_CC_dependencies_compiler_type=gcc3
am_cv_CXX_dependencies_compiler_type=gcc3
lt_cv_archive_cmds_need_lc=no
lt_cv_compiler_c_o=yes
lt_cv_compiler_o_lo=yes
lt_cv_deplibs_check_method=pass_all
lt_cv_file_magic_cmd='$MAGIC_CMD'
lt_cv_file_magic_test_file='/lib/libc.so.6 /lib/libc-2.9.so'
lt_cv_global_symbol_to_c_name_address='sed -n -e '\''s/^: \([^ ]*\) $/  {\"\1\", (lt_ptr) 0},/p'\'' -e '\''s/^[BCDEGRST] \([^ ]*\) \([^ ]*\)$/  {"\2", (lt_ptr) \&\2},/p'\'''
lt_cv_global_symbol_to_cdecl='sed -n -e '\''s/^. .* \(.*\)$/extern char \1;/p'\'''
lt_cv_ld_reload_flag=-r
lt_cv_path_LD=/usr/bin/ld
lt_cv_path_NM='/usr/bin/nm -B'
lt_cv_prog_cc_can_build_shared=yes
lt_cv_prog_cc_no_builtin=
lt_cv_prog_cc_pic=' -fPIC'
lt_cv_prog_cc_pic_works=yes
lt_cv_prog_cc_shlib=
lt_cv_prog_cc_static=-static
lt_cv_prog_cc_static_works=yes
lt_cv_prog_cc_wl=-Wl,
lt_cv_prog_gnu_ld=yes
lt_cv_sys_global_symbol_pipe='sed -n -e '\''s/^.*[ 	]\([ABCDGISTW][ABCDGISTW]*\)[ 	][ 	]*\(\)\([_A-Za-z][_A-Za-z0-9]*\)$/\1 \2\3 \3/p'\'''
lt_cv_sys_path_separator=:

## ------------ ##
## confdefs.h.  ##
## ------------ ##

#define PACKAGE "tvision"
#define VERSION "0.8"
#ifdef __cplusplus
#include <stdlib.h>
#endif
#define STDC_HEADERS 1
#define HAVE_NCURSES_H 1
#define HAVE_CURSES_H 1
#define HAVE_GPM_H 1
#define HAVE_LIBNCURSES 1
#define HAVE_LIBGPM 1
#define HAVE_DLFCN_H 1
#define ENABLE_GPM 1
#define ENABLE_VCS 1


configure: exit 0

## ----------------------- ##
## Running config.status.  ##
## ----------------------- ##

This file was extended by config.status 2.52, executed with
  CONFIG_FILES    = 
  CONFIG_HEADERS  = config.h
  CONFIG_LINKS    = 
  CONFIG_COMMANDS = 
  > ./config.status 
on pupykin

config.status:8027: creating config.h
config.status:8168: config.h is unchanged
